@!@!@STARTMSG 2262:0 @!@!@
TLC2 Version 2.08 of 21 December 2015
@!@!@ENDMSG 2262 @!@!@
@!@!@STARTMSG 2187:0 @!@!@
Running in Model-Checking mode.
@!@!@ENDMSG 2187 @!@!@
@!@!@STARTMSG 2220:0 @!@!@
Starting SANY...
@!@!@ENDMSG 2220 @!@!@
Parsing file MC.tla
Parsing file philosophes0.tla
Parsing file /mnt/n7fs/tla/toolbox/plugins/org.lamport.tlatools_1.0.0.201512230951/tla2sany/StandardModules/TLC.tla
Parsing file /mnt/n7fs/tla/toolbox/plugins/org.lamport.tlatools_1.0.0.201512230951/tla2sany/StandardModules/Naturals.tla
Parsing file /mnt/n7fs/tla/toolbox/plugins/org.lamport.tlatools_1.0.0.201512230951/tla2sany/StandardModules/Sequences.tla
Semantic processing of module Naturals
Semantic processing of module philosophes0
Semantic processing of module Sequences
Semantic processing of module TLC
Semantic processing of module MC
@!@!@STARTMSG 2219:0 @!@!@
SANY finished.
@!@!@ENDMSG 2219 @!@!@
@!@!@STARTMSG 2185:0 @!@!@
Starting... (2017-03-08 16:56:36)
@!@!@ENDMSG 2185 @!@!@
@!@!@STARTMSG 2212:0 @!@!@
Implied-temporal checking--satisfiability problem has 6 branches.
@!@!@ENDMSG 2212 @!@!@
@!@!@STARTMSG 2189:0 @!@!@
Computing initial states...
@!@!@ENDMSG 2189 @!@!@
@!@!@STARTMSG 2190:0 @!@!@
Finished computing initial states: 1 distinct state generated.
@!@!@ENDMSG 2190 @!@!@
@!@!@STARTMSG 2200:0 @!@!@
Progress(8) at 2017-03-08 16:56:36: 921 states generated, 152 distinct states found, 0 states left on queue.
@!@!@ENDMSG 2200 @!@!@
@!@!@STARTMSG 2192:0 @!@!@
Checking 6 branches of temporal properties for the complete state space with 912 total distinct states at (2017-03-08 16:56:36)
@!@!@ENDMSG 2192 @!@!@
@!@!@STARTMSG 2116:1 @!@!@
Temporal properties were violated.

@!@!@ENDMSG 2116 @!@!@
@!@!@STARTMSG 2264:1 @!@!@
The following behavior constitutes a counter-example:

@!@!@ENDMSG 2264 @!@!@
@!@!@STARTMSG 2217:4 @!@!@
1: <Initial predicate>
etat = (0 :> "T" @@ 1 :> "T" @@ 2 :> "T" @@ 3 :> "T" @@ 4 :> "T")

@!@!@ENDMSG 2217 @!@!@
@!@!@STARTMSG 2217:4 @!@!@
2: <Action line 39, col 5 to line 40, col 42 of module philosophes0>
etat = (0 :> "H" @@ 1 :> "T" @@ 2 :> "T" @@ 3 :> "T" @@ 4 :> "T")

@!@!@ENDMSG 2217 @!@!@
@!@!@STARTMSG 2217:4 @!@!@
3: <Action line 39, col 5 to line 40, col 42 of module philosophes0>
etat = (0 :> "H" @@ 1 :> "T" @@ 2 :> "H" @@ 3 :> "T" @@ 4 :> "T")

@!@!@ENDMSG 2217 @!@!@
@!@!@STARTMSG 2217:4 @!@!@
4: <Action line 43, col 5 to line 46, col 42 of module philosophes0>
etat = (0 :> "H" @@ 1 :> "T" @@ 2 :> "E" @@ 3 :> "T" @@ 4 :> "T")

@!@!@ENDMSG 2217 @!@!@
@!@!@STARTMSG 2217:4 @!@!@
5: <Action line 39, col 5 to line 40, col 42 of module philosophes0>
etat = (0 :> "H" @@ 1 :> "T" @@ 2 :> "E" @@ 3 :> "H" @@ 4 :> "T")

@!@!@ENDMSG 2217 @!@!@
@!@!@STARTMSG 2217:4 @!@!@
6: <Action line 49, col 5 to line 50, col 44 of module philosophes0>
etat = (0 :> "H" @@ 1 :> "T" @@ 2 :> "T" @@ 3 :> "H" @@ 4 :> "T")

@!@!@ENDMSG 2217 @!@!@
@!@!@STARTMSG 2217:4 @!@!@
7: <Action line 39, col 5 to line 40, col 42 of module philosophes0>
etat = (0 :> "H" @@ 1 :> "H" @@ 2 :> "T" @@ 3 :> "H" @@ 4 :> "T")

@!@!@ENDMSG 2217 @!@!@
@!@!@STARTMSG 2217:4 @!@!@
8: <Action line 39, col 5 to line 40, col 42 of module philosophes0>
etat = (0 :> "H" @@ 1 :> "H" @@ 2 :> "T" @@ 3 :> "H" @@ 4 :> "H")

@!@!@ENDMSG 2217 @!@!@
@!@!@STARTMSG 2217:4 @!@!@
9: <Action line 43, col 5 to line 46, col 42 of module philosophes0>
etat = (0 :> "H" @@ 1 :> "E" @@ 2 :> "T" @@ 3 :> "H" @@ 4 :> "H")

@!@!@ENDMSG 2217 @!@!@
@!@!@STARTMSG 2217:4 @!@!@
10: <Action line 49, col 5 to line 50, col 44 of module philosophes0>
etat = (0 :> "H" @@ 1 :> "T" @@ 2 :> "T" @@ 3 :> "H" @@ 4 :> "H")

@!@!@ENDMSG 2217 @!@!@
@!@!@STARTMSG 2217:4 @!@!@
11: <Action line 39, col 5 to line 40, col 42 of module philosophes0>
etat = (0 :> "H" @@ 1 :> "T" @@ 2 :> "H" @@ 3 :> "H" @@ 4 :> "H")

@!@!@ENDMSG 2217 @!@!@
@!@!@STARTMSG 2217:4 @!@!@
12: <Action line 43, col 5 to line 46, col 42 of module philosophes0>
etat = (0 :> "H" @@ 1 :> "T" @@ 2 :> "H" @@ 3 :> "E" @@ 4 :> "H")

@!@!@ENDMSG 2217 @!@!@
@!@!@STARTMSG 2217:4 @!@!@
13: <Action line 49, col 5 to line 50, col 44 of module philosophes0>
etat = (0 :> "H" @@ 1 :> "T" @@ 2 :> "H" @@ 3 :> "T" @@ 4 :> "H")

@!@!@ENDMSG 2217 @!@!@
@!@!@STARTMSG 2217:4 @!@!@
14: <Action line 43, col 5 to line 46, col 42 of module philosophes0>
etat = (0 :> "H" @@ 1 :> "T" @@ 2 :> "E" @@ 3 :> "T" @@ 4 :> "H")

@!@!@ENDMSG 2217 @!@!@
@!@!@STARTMSG 2217:4 @!@!@
15: <Action line 43, col 5 to line 46, col 42 of module philosophes0>
etat = (0 :> "H" @@ 1 :> "T" @@ 2 :> "E" @@ 3 :> "T" @@ 4 :> "E")

@!@!@ENDMSG 2217 @!@!@
@!@!@STARTMSG 2122:4 @!@!@
4: Back to state: <Action line 49, col 5 to line 50, col 44 of module philosophes0>

@!@!@ENDMSG 2122 @!@!@
@!@!@STARTMSG 2267:0 @!@!@
Finished checking temporal properties in 00s at 2017-03-08 16:56:37
@!@!@ENDMSG 2267 @!@!@
@!@!@STARTMSG 2201:0 @!@!@
The coverage statistics at 2017-03-08 16:56:37
@!@!@ENDMSG 2201 @!@!@
@!@!@STARTMSG 2221:0 @!@!@
  line 40, col 8 to line 40, col 42 of module philosophes0: 300
@!@!@ENDMSG 2221 @!@!@
@!@!@STARTMSG 2221:0 @!@!@
  line 46, col 8 to line 46, col 42 of module philosophes0: 160
@!@!@ENDMSG 2221 @!@!@
@!@!@STARTMSG 2221:0 @!@!@
  line 50, col 8 to line 50, col 44 of module philosophes0: 460
@!@!@ENDMSG 2221 @!@!@
@!@!@STARTMSG 2202:0 @!@!@
End of statistics.
@!@!@ENDMSG 2202 @!@!@
@!@!@STARTMSG 2200:0 @!@!@
Progress(8) at 2017-03-08 16:56:37: 921 states generated (75 698 s/min), 152 distinct states found (12 493 ds/min), 0 states left on queue.
@!@!@ENDMSG 2200 @!@!@
@!@!@STARTMSG 2199:0 @!@!@
921 states generated, 152 distinct states found, 0 states left on queue.
@!@!@ENDMSG 2199 @!@!@
@!@!@STARTMSG 2186:0 @!@!@
Finished in 00s at (2017-03-08 16:56:37)
@!@!@ENDMSG 2186 @!@!@
